<?xml version="1.0" encoding="UTF-8"?>
<testng-results skipped="0" failed="0" ignored="0" total="1" passed="1">
  <reporter-output>
  </reporter-output>
  <suite name="Command line suite" duration-ms="14229" started-at="2019-08-03T19:49:38Z" finished-at="2019-08-03T19:49:53Z">
    <groups>
    </groups>
    <test name="Command line test" duration-ms="14229" started-at="2019-08-03T19:49:38Z" finished-at="2019-08-03T19:49:53Z">
      <class name="Tests.FirstTest">
        <test-method status="PASS" signature="setup()[pri:0, instance:Tests.FirstTest@402f32ff]" name="setup" is-config="true" duration-ms="7624" started-at="2019-08-03T19:49:38Z" finished-at="2019-08-03T19:49:46Z">
          <reporter-output>
          </reporter-output>
        </test-method> <!-- setup -->
        <test-method status="PASS" signature="TestingFlipkart()[pri:0, instance:Tests.FirstTest@402f32ff]" name="TestingFlipkart" duration-ms="6326" started-at="2019-08-03T19:49:46Z" finished-at="2019-08-03T19:49:52Z">
          <reporter-output>
          </reporter-output>
        </test-method> <!-- TestingFlipkart -->
        <test-method status="PASS" signature="tearDown()[pri:0, instance:Tests.FirstTest@402f32ff]" name="tearDown" is-config="true" duration-ms="266" started-at="2019-08-03T19:49:52Z" finished-at="2019-08-03T19:49:53Z">
          <reporter-output>
          </reporter-output>
        </test-method> <!-- tearDown -->
      </class> <!-- Tests.FirstTest -->
    </test> <!-- Command line test -->
  </suite> <!-- Command line suite -->
</testng-results>
